

Microchip MPLAB XC8 Assembler V2.10 build 88905656 
                                                                                               Wed Sep 09 20:35:07 2020

Microchip MPLAB XC8 C Compiler v2.10 (Free license) build 20190730164152 Og1 
     1                           	processor	16F1786
     2                           	opt	pw 120
     3                           	opt	flic
     4                           	psect	idataCOMMON,global,class=CODE,delta=2
     5                           	psect	idataBANK0,global,class=CODE,delta=2
     6                           	psect	idataBANK1,global,class=CODE,delta=2
     7                           	psect	cinit,global,class=CODE,merge=1,delta=2
     8                           	psect	bssCOMMON,global,class=COMMON,space=1,delta=1
     9                           	psect	dataCOMMON,global,class=COMMON,space=1,delta=1
    10                           	psect	dataBANK0,global,class=BANK0,space=1,delta=1
    11                           	psect	dataBANK1,global,class=BANK1,space=1,delta=1
    12                           	psect	inittext,global,class=CODE,delta=2
    13                           	psect	cstackCOMMON,global,class=COMMON,space=1,delta=1
    14                           	psect	cstackBANK0,global,class=BANK0,space=1,delta=1
    15                           	psect	maintext,global,class=CODE,merge=1,split=1,delta=2
    16                           	psect	text1,local,class=CODE,merge=1,delta=2
    17                           	psect	text2,local,class=CODE,merge=1,delta=2
    18                           	psect	intentry,global,class=CODE,delta=2
    19                           	psect	text4,local,class=CODE,merge=1,delta=2
    20                           	dabs	1,0x7E,2
    21  0000                     
    22                           ; Version 2.10
    23                           ; Generated 31/07/2019 GMT
    24                           ; 
    25                           ; Copyright © 2019, Microchip Technology Inc. and its subsidiaries ("Microchip")
    26                           ; All rights reserved.
    27                           ; 
    28                           ; This software is developed by Microchip Technology Inc. and its subsidiaries ("Microch
      +                          ip").
    29                           ; 
    30                           ; Redistribution and use in source and binary forms, with or without modification, are
    31                           ; permitted provided that the following conditions are met:
    32                           ; 
    33                           ;     1. Redistributions of source code must retain the above copyright notice, this lis
      +                          t of
    34                           ;        conditions and the following disclaimer.
    35                           ; 
    36                           ;     2. Redistributions in binary form must reproduce the above copyright notice, this 
      +                          list
    37                           ;        of conditions and the following disclaimer in the documentation and/or other
    38                           ;        materials provided with the distribution.
    39                           ; 
    40                           ;     3. Microchip's name may not be used to endorse or promote products derived from th
      +                          is
    41                           ;        software without specific prior written permission.
    42                           ; 
    43                           ; THIS SOFTWARE IS PROVIDED BY MICROCHIP "AS IS" AND ANY EXPRESS OR IMPLIED WARRANTIES,
    44                           ; INCLUDING, BUT NOT LIMITED TO, THE IMPLIED WARRANTIES OF MERCHANTABILITY AND FITNESS F
      +                          OR
    45                           ; PURPOSE ARE DISCLAIMED.  IN NO EVENT SHALL MICROCHIP BE LIABLE FOR ANY DIRECT, INDIREC
      +                          T,
    46                           ; INCIDENTAL, SPECIAL, EXEMPLARY, OR CONSEQUENTIAL DAMAGES (INCLUDING BUT NOT LIMITED TO
    47                           ; PROCUREMENT OF SUBSTITUTE GOODS OR SERVICES; LOSS OF USE, DATA OR PROFITS; OR BUSINESS
    48                           ; INTERRUPTION) HOWSOEVER CAUSED AND ON ANY THEORY OF LIABILITY, WHETHER IN CONTRACT, ST
      +                          RICT
    49                           ; LIABILITY, OR TORT (INCLUDING NEGLIGENCE OR OTHERWISE) ARISING IN ANY WAY OUT OF THE U
      +                          SE OF
    50                           ; THIS SOFTWARE, EVEN IF ADVISED OF THE POSSIBILITY OF SUCH DAMAGE.
    51                           ; 
    52                           ; 
    53                           ; Code-generator required, PIC16F1786 Definitions
    54                           ; 
    55                           ; SFR Addresses
    56  0000                     	;# 
    57  0001                     	;# 
    58  0002                     	;# 
    59  0003                     	;# 
    60  0004                     	;# 
    61  0005                     	;# 
    62  0006                     	;# 
    63  0007                     	;# 
    64  0008                     	;# 
    65  0009                     	;# 
    66  000A                     	;# 
    67  000B                     	;# 
    68  000C                     	;# 
    69  000D                     	;# 
    70  000E                     	;# 
    71  0010                     	;# 
    72  0011                     	;# 
    73  0012                     	;# 
    74  0013                     	;# 
    75  0014                     	;# 
    76  0015                     	;# 
    77  0016                     	;# 
    78  0016                     	;# 
    79  0017                     	;# 
    80  0018                     	;# 
    81  0019                     	;# 
    82  001A                     	;# 
    83  001B                     	;# 
    84  001C                     	;# 
    85  008C                     	;# 
    86  008D                     	;# 
    87  008E                     	;# 
    88  0090                     	;# 
    89  0091                     	;# 
    90  0092                     	;# 
    91  0093                     	;# 
    92  0094                     	;# 
    93  0095                     	;# 
    94  0096                     	;# 
    95  0097                     	;# 
    96  0098                     	;# 
    97  0099                     	;# 
    98  009A                     	;# 
    99  009B                     	;# 
   100  009B                     	;# 
   101  009C                     	;# 
   102  009D                     	;# 
   103  009E                     	;# 
   104  009F                     	;# 
   105  010C                     	;# 
   106  010D                     	;# 
   107  010E                     	;# 
   108  0111                     	;# 
   109  0112                     	;# 
   110  0113                     	;# 
   111  0114                     	;# 
   112  0115                     	;# 
   113  0116                     	;# 
   114  0117                     	;# 
   115  0118                     	;# 
   116  0119                     	;# 
   117  011A                     	;# 
   118  011B                     	;# 
   119  011C                     	;# 
   120  011D                     	;# 
   121  011D                     	;# 
   122  011D                     	;# 
   123  011E                     	;# 
   124  011F                     	;# 
   125  018C                     	;# 
   126  018D                     	;# 
   127  0191                     	;# 
   128  0191                     	;# 
   129  0192                     	;# 
   130  0193                     	;# 
   131  0193                     	;# 
   132  0193                     	;# 
   133  0194                     	;# 
   134  0195                     	;# 
   135  0196                     	;# 
   136  0197                     	;# 
   137  0199                     	;# 
   138  0199                     	;# 
   139  0199                     	;# 
   140  019A                     	;# 
   141  019A                     	;# 
   142  019A                     	;# 
   143  019B                     	;# 
   144  019B                     	;# 
   145  019B                     	;# 
   146  019B                     	;# 
   147  019B                     	;# 
   148  019C                     	;# 
   149  019C                     	;# 
   150  019C                     	;# 
   151  019D                     	;# 
   152  019D                     	;# 
   153  019D                     	;# 
   154  019E                     	;# 
   155  019E                     	;# 
   156  019E                     	;# 
   157  019F                     	;# 
   158  019F                     	;# 
   159  019F                     	;# 
   160  019F                     	;# 
   161  019F                     	;# 
   162  020C                     	;# 
   163  020D                     	;# 
   164  020E                     	;# 
   165  0210                     	;# 
   166  0211                     	;# 
   167  0211                     	;# 
   168  0212                     	;# 
   169  0212                     	;# 
   170  0213                     	;# 
   171  0213                     	;# 
   172  0214                     	;# 
   173  0214                     	;# 
   174  0215                     	;# 
   175  0215                     	;# 
   176  0215                     	;# 
   177  0215                     	;# 
   178  0216                     	;# 
   179  0216                     	;# 
   180  0217                     	;# 
   181  0217                     	;# 
   182  028C                     	;# 
   183  028D                     	;# 
   184  028E                     	;# 
   185  0291                     	;# 
   186  0291                     	;# 
   187  0292                     	;# 
   188  0293                     	;# 
   189  0298                     	;# 
   190  0298                     	;# 
   191  0299                     	;# 
   192  029A                     	;# 
   193  030C                     	;# 
   194  030D                     	;# 
   195  030E                     	;# 
   196  0311                     	;# 
   197  0311                     	;# 
   198  0312                     	;# 
   199  0313                     	;# 
   200  038C                     	;# 
   201  038D                     	;# 
   202  038E                     	;# 
   203  0390                     	;# 
   204  0391                     	;# 
   205  0392                     	;# 
   206  0393                     	;# 
   207  0394                     	;# 
   208  0395                     	;# 
   209  0396                     	;# 
   210  0397                     	;# 
   211  0398                     	;# 
   212  0399                     	;# 
   213  039D                     	;# 
   214  039E                     	;# 
   215  039F                     	;# 
   216  0511                     	;# 
   217  0513                     	;# 
   218  051A                     	;# 
   219  0811                     	;# 
   220  0812                     	;# 
   221  0813                     	;# 
   222  0814                     	;# 
   223  0815                     	;# 
   224  0816                     	;# 
   225  0817                     	;# 
   226  0818                     	;# 
   227  0819                     	;# 
   228  081A                     	;# 
   229  081B                     	;# 
   230  081C                     	;# 
   231  081D                     	;# 
   232  081E                     	;# 
   233  081F                     	;# 
   234  0820                     	;# 
   235  0821                     	;# 
   236  0821                     	;# 
   237  0822                     	;# 
   238  0823                     	;# 
   239  0823                     	;# 
   240  0824                     	;# 
   241  0825                     	;# 
   242  0825                     	;# 
   243  0826                     	;# 
   244  0827                     	;# 
   245  0827                     	;# 
   246  0828                     	;# 
   247  0829                     	;# 
   248  082A                     	;# 
   249  082B                     	;# 
   250  082C                     	;# 
   251  082D                     	;# 
   252  082E                     	;# 
   253  082F                     	;# 
   254  0831                     	;# 
   255  0832                     	;# 
   256  0833                     	;# 
   257  0834                     	;# 
   258  0835                     	;# 
   259  0836                     	;# 
   260  0837                     	;# 
   261  0838                     	;# 
   262  0839                     	;# 
   263  083A                     	;# 
   264  083B                     	;# 
   265  083C                     	;# 
   266  083D                     	;# 
   267  083E                     	;# 
   268  083F                     	;# 
   269  0840                     	;# 
   270  0841                     	;# 
   271  0841                     	;# 
   272  0842                     	;# 
   273  0843                     	;# 
   274  0843                     	;# 
   275  0844                     	;# 
   276  0845                     	;# 
   277  0845                     	;# 
   278  0846                     	;# 
   279  0847                     	;# 
   280  0847                     	;# 
   281  0848                     	;# 
   282  0849                     	;# 
   283  084A                     	;# 
   284  084B                     	;# 
   285  084C                     	;# 
   286  084D                     	;# 
   287  084E                     	;# 
   288  084F                     	;# 
   289  0851                     	;# 
   290  0852                     	;# 
   291  0853                     	;# 
   292  0854                     	;# 
   293  0855                     	;# 
   294  0856                     	;# 
   295  0857                     	;# 
   296  0858                     	;# 
   297  0859                     	;# 
   298  085A                     	;# 
   299  085B                     	;# 
   300  085C                     	;# 
   301  085D                     	;# 
   302  085E                     	;# 
   303  085F                     	;# 
   304  0860                     	;# 
   305  0861                     	;# 
   306  0861                     	;# 
   307  0862                     	;# 
   308  0863                     	;# 
   309  0863                     	;# 
   310  0864                     	;# 
   311  0865                     	;# 
   312  0865                     	;# 
   313  0866                     	;# 
   314  0867                     	;# 
   315  0867                     	;# 
   316  0868                     	;# 
   317  0869                     	;# 
   318  086A                     	;# 
   319  086B                     	;# 
   320  086C                     	;# 
   321  086D                     	;# 
   322  086E                     	;# 
   323  086F                     	;# 
   324  0FE4                     	;# 
   325  0FE5                     	;# 
   326  0FE6                     	;# 
   327  0FE7                     	;# 
   328  0FE8                     	;# 
   329  0FE9                     	;# 
   330  0FEA                     	;# 
   331  0FEB                     	;# 
   332  0FED                     	;# 
   333  0FEE                     	;# 
   334  0FEF                     	;# 
   335  0000                     	;# 
   336  0001                     	;# 
   337  0002                     	;# 
   338  0003                     	;# 
   339  0004                     	;# 
   340  0005                     	;# 
   341  0006                     	;# 
   342  0007                     	;# 
   343  0008                     	;# 
   344  0009                     	;# 
   345  000A                     	;# 
   346  000B                     	;# 
   347  000C                     	;# 
   348  000D                     	;# 
   349  000E                     	;# 
   350  0010                     	;# 
   351  0011                     	;# 
   352  0012                     	;# 
   353  0013                     	;# 
   354  0014                     	;# 
   355  0015                     	;# 
   356  0016                     	;# 
   357  0016                     	;# 
   358  0017                     	;# 
   359  0018                     	;# 
   360  0019                     	;# 
   361  001A                     	;# 
   362  001B                     	;# 
   363  001C                     	;# 
   364  008C                     	;# 
   365  008D                     	;# 
   366  008E                     	;# 
   367  0090                     	;# 
   368  0091                     	;# 
   369  0092                     	;# 
   370  0093                     	;# 
   371  0094                     	;# 
   372  0095                     	;# 
   373  0096                     	;# 
   374  0097                     	;# 
   375  0098                     	;# 
   376  0099                     	;# 
   377  009A                     	;# 
   378  009B                     	;# 
   379  009B                     	;# 
   380  009C                     	;# 
   381  009D                     	;# 
   382  009E                     	;# 
   383  009F                     	;# 
   384  010C                     	;# 
   385  010D                     	;# 
   386  010E                     	;# 
   387  0111                     	;# 
   388  0112                     	;# 
   389  0113                     	;# 
   390  0114                     	;# 
   391  0115                     	;# 
   392  0116                     	;# 
   393  0117                     	;# 
   394  0118                     	;# 
   395  0119                     	;# 
   396  011A                     	;# 
   397  011B                     	;# 
   398  011C                     	;# 
   399  011D                     	;# 
   400  011D                     	;# 
   401  011D                     	;# 
   402  011E                     	;# 
   403  011F                     	;# 
   404  018C                     	;# 
   405  018D                     	;# 
   406  0191                     	;# 
   407  0191                     	;# 
   408  0192                     	;# 
   409  0193                     	;# 
   410  0193                     	;# 
   411  0193                     	;# 
   412  0194                     	;# 
   413  0195                     	;# 
   414  0196                     	;# 
   415  0197                     	;# 
   416  0199                     	;# 
   417  0199                     	;# 
   418  0199                     	;# 
   419  019A                     	;# 
   420  019A                     	;# 
   421  019A                     	;# 
   422  019B                     	;# 
   423  019B                     	;# 
   424  019B                     	;# 
   425  019B                     	;# 
   426  019B                     	;# 
   427  019C                     	;# 
   428  019C                     	;# 
   429  019C                     	;# 
   430  019D                     	;# 
   431  019D                     	;# 
   432  019D                     	;# 
   433  019E                     	;# 
   434  019E                     	;# 
   435  019E                     	;# 
   436  019F                     	;# 
   437  019F                     	;# 
   438  019F                     	;# 
   439  019F                     	;# 
   440  019F                     	;# 
   441  020C                     	;# 
   442  020D                     	;# 
   443  020E                     	;# 
   444  0210                     	;# 
   445  0211                     	;# 
   446  0211                     	;# 
   447  0212                     	;# 
   448  0212                     	;# 
   449  0213                     	;# 
   450  0213                     	;# 
   451  0214                     	;# 
   452  0214                     	;# 
   453  0215                     	;# 
   454  0215                     	;# 
   455  0215                     	;# 
   456  0215                     	;# 
   457  0216                     	;# 
   458  0216                     	;# 
   459  0217                     	;# 
   460  0217                     	;# 
   461  028C                     	;# 
   462  028D                     	;# 
   463  028E                     	;# 
   464  0291                     	;# 
   465  0291                     	;# 
   466  0292                     	;# 
   467  0293                     	;# 
   468  0298                     	;# 
   469  0298                     	;# 
   470  0299                     	;# 
   471  029A                     	;# 
   472  030C                     	;# 
   473  030D                     	;# 
   474  030E                     	;# 
   475  0311                     	;# 
   476  0311                     	;# 
   477  0312                     	;# 
   478  0313                     	;# 
   479  038C                     	;# 
   480  038D                     	;# 
   481  038E                     	;# 
   482  0390                     	;# 
   483  0391                     	;# 
   484  0392                     	;# 
   485  0393                     	;# 
   486  0394                     	;# 
   487  0395                     	;# 
   488  0396                     	;# 
   489  0397                     	;# 
   490  0398                     	;# 
   491  0399                     	;# 
   492  039D                     	;# 
   493  039E                     	;# 
   494  039F                     	;# 
   495  0511                     	;# 
   496  0513                     	;# 
   497  051A                     	;# 
   498  0811                     	;# 
   499  0812                     	;# 
   500  0813                     	;# 
   501  0814                     	;# 
   502  0815                     	;# 
   503  0816                     	;# 
   504  0817                     	;# 
   505  0818                     	;# 
   506  0819                     	;# 
   507  081A                     	;# 
   508  081B                     	;# 
   509  081C                     	;# 
   510  081D                     	;# 
   511  081E                     	;# 
   512  081F                     	;# 
   513  0820                     	;# 
   514  0821                     	;# 
   515  0821                     	;# 
   516  0822                     	;# 
   517  0823                     	;# 
   518  0823                     	;# 
   519  0824                     	;# 
   520  0825                     	;# 
   521  0825                     	;# 
   522  0826                     	;# 
   523  0827                     	;# 
   524  0827                     	;# 
   525  0828                     	;# 
   526  0829                     	;# 
   527  082A                     	;# 
   528  082B                     	;# 
   529  082C                     	;# 
   530  082D                     	;# 
   531  082E                     	;# 
   532  082F                     	;# 
   533  0831                     	;# 
   534  0832                     	;# 
   535  0833                     	;# 
   536  0834                     	;# 
   537  0835                     	;# 
   538  0836                     	;# 
   539  0837                     	;# 
   540  0838                     	;# 
   541  0839                     	;# 
   542  083A                     	;# 
   543  083B                     	;# 
   544  083C                     	;# 
   545  083D                     	;# 
   546  083E                     	;# 
   547  083F                     	;# 
   548  0840                     	;# 
   549  0841                     	;# 
   550  0841                     	;# 
   551  0842                     	;# 
   552  0843                     	;# 
   553  0843                     	;# 
   554  0844                     	;# 
   555  0845                     	;# 
   556  0845                     	;# 
   557  0846                     	;# 
   558  0847                     	;# 
   559  0847                     	;# 
   560  0848                     	;# 
   561  0849                     	;# 
   562  084A                     	;# 
   563  084B                     	;# 
   564  084C                     	;# 
   565  084D                     	;# 
   566  084E                     	;# 
   567  084F                     	;# 
   568  0851                     	;# 
   569  0852                     	;# 
   570  0853                     	;# 
   571  0854                     	;# 
   572  0855                     	;# 
   573  0856                     	;# 
   574  0857                     	;# 
   575  0858                     	;# 
   576  0859                     	;# 
   577  085A                     	;# 
   578  085B                     	;# 
   579  085C                     	;# 
   580  085D                     	;# 
   581  085E                     	;# 
   582  085F                     	;# 
   583  0860                     	;# 
   584  0861                     	;# 
   585  0861                     	;# 
   586  0862                     	;# 
   587  0863                     	;# 
   588  0863                     	;# 
   589  0864                     	;# 
   590  0865                     	;# 
   591  0865                     	;# 
   592  0866                     	;# 
   593  0867                     	;# 
   594  0867                     	;# 
   595  0868                     	;# 
   596  0869                     	;# 
   597  086A                     	;# 
   598  086B                     	;# 
   599  086C                     	;# 
   600  086D                     	;# 
   601  086E                     	;# 
   602  086F                     	;# 
   603  0FE4                     	;# 
   604  0FE5                     	;# 
   605  0FE6                     	;# 
   606  0FE7                     	;# 
   607  0FE8                     	;# 
   608  0FE9                     	;# 
   609  0FEA                     	;# 
   610  0FEB                     	;# 
   611  0FED                     	;# 
   612  0FEE                     	;# 
   613  0FEF                     	;# 
   614  0000                     	;# 
   615  0001                     	;# 
   616  0002                     	;# 
   617  0003                     	;# 
   618  0004                     	;# 
   619  0005                     	;# 
   620  0006                     	;# 
   621  0007                     	;# 
   622  0008                     	;# 
   623  0009                     	;# 
   624  000A                     	;# 
   625  000B                     	;# 
   626  000C                     	;# 
   627  000D                     	;# 
   628  000E                     	;# 
   629  0010                     	;# 
   630  0011                     	;# 
   631  0012                     	;# 
   632  0013                     	;# 
   633  0014                     	;# 
   634  0015                     	;# 
   635  0016                     	;# 
   636  0016                     	;# 
   637  0017                     	;# 
   638  0018                     	;# 
   639  0019                     	;# 
   640  001A                     	;# 
   641  001B                     	;# 
   642  001C                     	;# 
   643  008C                     	;# 
   644  008D                     	;# 
   645  008E                     	;# 
   646  0090                     	;# 
   647  0091                     	;# 
   648  0092                     	;# 
   649  0093                     	;# 
   650  0094                     	;# 
   651  0095                     	;# 
   652  0096                     	;# 
   653  0097                     	;# 
   654  0098                     	;# 
   655  0099                     	;# 
   656  009A                     	;# 
   657  009B                     	;# 
   658  009B                     	;# 
   659  009C                     	;# 
   660  009D                     	;# 
   661  009E                     	;# 
   662  009F                     	;# 
   663  010C                     	;# 
   664  010D                     	;# 
   665  010E                     	;# 
   666  0111                     	;# 
   667  0112                     	;# 
   668  0113                     	;# 
   669  0114                     	;# 
   670  0115                     	;# 
   671  0116                     	;# 
   672  0117                     	;# 
   673  0118                     	;# 
   674  0119                     	;# 
   675  011A                     	;# 
   676  011B                     	;# 
   677  011C                     	;# 
   678  011D                     	;# 
   679  011D                     	;# 
   680  011D                     	;# 
   681  011E                     	;# 
   682  011F                     	;# 
   683  018C                     	;# 
   684  018D                     	;# 
   685  0191                     	;# 
   686  0191                     	;# 
   687  0192                     	;# 
   688  0193                     	;# 
   689  0193                     	;# 
   690  0193                     	;# 
   691  0194                     	;# 
   692  0195                     	;# 
   693  0196                     	;# 
   694  0197                     	;# 
   695  0199                     	;# 
   696  0199                     	;# 
   697  0199                     	;# 
   698  019A                     	;# 
   699  019A                     	;# 
   700  019A                     	;# 
   701  019B                     	;# 
   702  019B                     	;# 
   703  019B                     	;# 
   704  019B                     	;# 
   705  019B                     	;# 
   706  019C                     	;# 
   707  019C                     	;# 
   708  019C                     	;# 
   709  019D                     	;# 
   710  019D                     	;# 
   711  019D                     	;# 
   712  019E                     	;# 
   713  019E                     	;# 
   714  019E                     	;# 
   715  019F                     	;# 
   716  019F                     	;# 
   717  019F                     	;# 
   718  019F                     	;# 
   719  019F                     	;# 
   720  020C                     	;# 
   721  020D                     	;# 
   722  020E                     	;# 
   723  0210                     	;# 
   724  0211                     	;# 
   725  0211                     	;# 
   726  0212                     	;# 
   727  0212                     	;# 
   728  0213                     	;# 
   729  0213                     	;# 
   730  0214                     	;# 
   731  0214                     	;# 
   732  0215                     	;# 
   733  0215                     	;# 
   734  0215                     	;# 
   735  0215                     	;# 
   736  0216                     	;# 
   737  0216                     	;# 
   738  0217                     	;# 
   739  0217                     	;# 
   740  028C                     	;# 
   741  028D                     	;# 
   742  028E                     	;# 
   743  0291                     	;# 
   744  0291                     	;# 
   745  0292                     	;# 
   746  0293                     	;# 
   747  0298                     	;# 
   748  0298                     	;# 
   749  0299                     	;# 
   750  029A                     	;# 
   751  030C                     	;# 
   752  030D                     	;# 
   753  030E                     	;# 
   754  0311                     	;# 
   755  0311                     	;# 
   756  0312                     	;# 
   757  0313                     	;# 
   758  038C                     	;# 
   759  038D                     	;# 
   760  038E                     	;# 
   761  0390                     	;# 
   762  0391                     	;# 
   763  0392                     	;# 
   764  0393                     	;# 
   765  0394                     	;# 
   766  0395                     	;# 
   767  0396                     	;# 
   768  0397                     	;# 
   769  0398                     	;# 
   770  0399                     	;# 
   771  039D                     	;# 
   772  039E                     	;# 
   773  039F                     	;# 
   774  0511                     	;# 
   775  0513                     	;# 
   776  051A                     	;# 
   777  0811                     	;# 
   778  0812                     	;# 
   779  0813                     	;# 
   780  0814                     	;# 
   781  0815                     	;# 
   782  0816                     	;# 
   783  0817                     	;# 
   784  0818                     	;# 
   785  0819                     	;# 
   786  081A                     	;# 
   787  081B                     	;# 
   788  081C                     	;# 
   789  081D                     	;# 
   790  081E                     	;# 
   791  081F                     	;# 
   792  0820                     	;# 
   793  0821                     	;# 
   794  0821                     	;# 
   795  0822                     	;# 
   796  0823                     	;# 
   797  0823                     	;# 
   798  0824                     	;# 
   799  0825                     	;# 
   800  0825                     	;# 
   801  0826                     	;# 
   802  0827                     	;# 
   803  0827                     	;# 
   804  0828                     	;# 
   805  0829                     	;# 
   806  082A                     	;# 
   807  082B                     	;# 
   808  082C                     	;# 
   809  082D                     	;# 
   810  082E                     	;# 
   811  082F                     	;# 
   812  0831                     	;# 
   813  0832                     	;# 
   814  0833                     	;# 
   815  0834                     	;# 
   816  0835                     	;# 
   817  0836                     	;# 
   818  0837                     	;# 
   819  0838                     	;# 
   820  0839                     	;# 
   821  083A                     	;# 
   822  083B                     	;# 
   823  083C                     	;# 
   824  083D                     	;# 
   825  083E                     	;# 
   826  083F                     	;# 
   827  0840                     	;# 
   828  0841                     	;# 
   829  0841                     	;# 
   830  0842                     	;# 
   831  0843                     	;# 
   832  0843                     	;# 
   833  0844                     	;# 
   834  0845                     	;# 
   835  0845                     	;# 
   836  0846                     	;# 
   837  0847                     	;# 
   838  0847                     	;# 
   839  0848                     	;# 
   840  0849                     	;# 
   841  084A                     	;# 
   842  084B                     	;# 
   843  084C                     	;# 
   844  084D                     	;# 
   845  084E                     	;# 
   846  084F                     	;# 
   847  0851                     	;# 
   848  0852                     	;# 
   849  0853                     	;# 
   850  0854                     	;# 
   851  0855                     	;# 
   852  0856                     	;# 
   853  0857                     	;# 
   854  0858                     	;# 
   855  0859                     	;# 
   856  085A                     	;# 
   857  085B                     	;# 
   858  085C                     	;# 
   859  085D                     	;# 
   860  085E                     	;# 
   861  085F                     	;# 
   862  0860                     	;# 
   863  0861                     	;# 
   864  0861                     	;# 
   865  0862                     	;# 
   866  0863                     	;# 
   867  0863                     	;# 
   868  0864                     	;# 
   869  0865                     	;# 
   870  0865                     	;# 
   871  0866                     	;# 
   872  0867                     	;# 
   873  0867                     	;# 
   874  0868                     	;# 
   875  0869                     	;# 
   876  086A                     	;# 
   877  086B                     	;# 
   878  086C                     	;# 
   879  086D                     	;# 
   880  086E                     	;# 
   881  086F                     	;# 
   882  0FE4                     	;# 
   883  0FE5                     	;# 
   884  0FE6                     	;# 
   885  0FE7                     	;# 
   886  0FE8                     	;# 
   887  0FE9                     	;# 
   888  0FEA                     	;# 
   889  0FEB                     	;# 
   890  0FED                     	;# 
   891  0FEE                     	;# 
   892  0FEF                     	;# 
   893  0000                     	;# 
   894  0001                     	;# 
   895  0002                     	;# 
   896  0003                     	;# 
   897  0004                     	;# 
   898  0005                     	;# 
   899  0006                     	;# 
   900  0007                     	;# 
   901  0008                     	;# 
   902  0009                     	;# 
   903  000A                     	;# 
   904  000B                     	;# 
   905  000C                     	;# 
   906  000D                     	;# 
   907  000E                     	;# 
   908  0010                     	;# 
   909  0011                     	;# 
   910  0012                     	;# 
   911  0013                     	;# 
   912  0014                     	;# 
   913  0015                     	;# 
   914  0016                     	;# 
   915  0016                     	;# 
   916  0017                     	;# 
   917  0018                     	;# 
   918  0019                     	;# 
   919  001A                     	;# 
   920  001B                     	;# 
   921  001C                     	;# 
   922  008C                     	;# 
   923  008D                     	;# 
   924  008E                     	;# 
   925  0090                     	;# 
   926  0091                     	;# 
   927  0092                     	;# 
   928  0093                     	;# 
   929  0094                     	;# 
   930  0095                     	;# 
   931  0096                     	;# 
   932  0097                     	;# 
   933  0098                     	;# 
   934  0099                     	;# 
   935  009A                     	;# 
   936  009B                     	;# 
   937  009B                     	;# 
   938  009C                     	;# 
   939  009D                     	;# 
   940  009E                     	;# 
   941  009F                     	;# 
   942  010C                     	;# 
   943  010D                     	;# 
   944  010E                     	;# 
   945  0111                     	;# 
   946  0112                     	;# 
   947  0113                     	;# 
   948  0114                     	;# 
   949  0115                     	;# 
   950  0116                     	;# 
   951  0117                     	;# 
   952  0118                     	;# 
   953  0119                     	;# 
   954  011A                     	;# 
   955  011B                     	;# 
   956  011C                     	;# 
   957  011D                     	;# 
   958  011D                     	;# 
   959  011D                     	;# 
   960  011E                     	;# 
   961  011F                     	;# 
   962  018C                     	;# 
   963  018D                     	;# 
   964  0191                     	;# 
   965  0191                     	;# 
   966  0192                     	;# 
   967  0193                     	;# 
   968  0193                     	;# 
   969  0193                     	;# 
   970  0194                     	;# 
   971  0195                     	;# 
   972  0196                     	;# 
   973  0197                     	;# 
   974  0199                     	;# 
   975  0199                     	;# 
   976  0199                     	;# 
   977  019A                     	;# 
   978  019A                     	;# 
   979  019A                     	;# 
   980  019B                     	;# 
   981  019B                     	;# 
   982  019B                     	;# 
   983  019B                     	;# 
   984  019B                     	;# 
   985  019C                     	;# 
   986  019C                     	;# 
   987  019C                     	;# 
   988  019D                     	;# 
   989  019D                     	;# 
   990  019D                     	;# 
   991  019E                     	;# 
   992  019E                     	;# 
   993  019E                     	;# 
   994  019F                     	;# 
   995  019F                     	;# 
   996  019F                     	;# 
   997  019F                     	;# 
   998  019F                     	;# 
   999  020C                     	;# 
  1000  020D                     	;# 
  1001  020E                     	;# 
  1002  0210                     	;# 
  1003  0211                     	;# 
  1004  0211                     	;# 
  1005  0212                     	;# 
  1006  0212                     	;# 
  1007  0213                     	;# 
  1008  0213                     	;# 
  1009  0214                     	;# 
  1010  0214                     	;# 
  1011  0215                     	;# 
  1012  0215                     	;# 
  1013  0215                     	;# 
  1014  0215                     	;# 
  1015  0216                     	;# 
  1016  0216                     	;# 
  1017  0217                     	;# 
  1018  0217                     	;# 
  1019  028C                     	;# 
  1020  028D                     	;# 
  1021  028E                     	;# 
  1022  0291                     	;# 
  1023  0291                     	;# 
  1024  0292                     	;# 
  1025  0293                     	;# 
  1026  0298                     	;# 
  1027  0298                     	;# 
  1028  0299                     	;# 
  1029  029A                     	;# 
  1030  030C                     	;# 
  1031  030D                     	;# 
  1032  030E                     	;# 
  1033  0311                     	;# 
  1034  0311                     	;# 
  1035  0312                     	;# 
  1036  0313                     	;# 
  1037  038C                     	;# 
  1038  038D                     	;# 
  1039  038E                     	;# 
  1040  0390                     	;# 
  1041  0391                     	;# 
  1042  0392                     	;# 
  1043  0393                     	;# 
  1044  0394                     	;# 
  1045  0395                     	;# 
  1046  0396                     	;# 
  1047  0397                     	;# 
  1048  0398                     	;# 
  1049  0399                     	;# 
  1050  039D                     	;# 
  1051  039E                     	;# 
  1052  039F                     	;# 
  1053  0511                     	;# 
  1054  0513                     	;# 
  1055  051A                     	;# 
  1056  0811                     	;# 
  1057  0812                     	;# 
  1058  0813                     	;# 
  1059  0814                     	;# 
  1060  0815                     	;# 
  1061  0816                     	;# 
  1062  0817                     	;# 
  1063  0818                     	;# 
  1064  0819                     	;# 
  1065  081A                     	;# 
  1066  081B                     	;# 
  1067  081C                     	;# 
  1068  081D                     	;# 
  1069  081E                     	;# 
  1070  081F                     	;# 
  1071  0820                     	;# 
  1072  0821                     	;# 
  1073  0821                     	;# 
  1074  0822                     	;# 
  1075  0823                     	;# 
  1076  0823                     	;# 
  1077  0824                     	;# 
  1078  0825                     	;# 
  1079  0825                     	;# 
  1080  0826                     	;# 
  1081  0827                     	;# 
  1082  0827                     	;# 
  1083  0828                     	;# 
  1084  0829                     	;# 
  1085  082A                     	;# 
  1086  082B                     	;# 
  1087  082C                     	;# 
  1088  082D                     	;# 
  1089  082E                     	;# 
  1090  082F                     	;# 
  1091  0831                     	;# 
  1092  0832                     	;# 
  1093  0833                     	;# 
  1094  0834                     	;# 
  1095  0835                     	;# 
  1096  0836                     	;# 
  1097  0837                     	;# 
  1098  0838                     	;# 
  1099  0839                     	;# 
  1100  083A                     	;# 
  1101  083B                     	;# 
  1102  083C                     	;# 
  1103  083D                     	;# 
  1104  083E                     	;# 
  1105  083F                     	;# 
  1106  0840                     	;# 
  1107  0841                     	;# 
  1108  0841                     	;# 
  1109  0842                     	;# 
  1110  0843                     	;# 
  1111  0843                     	;# 
  1112  0844                     	;# 
  1113  0845                     	;# 
  1114  0845                     	;# 
  1115  0846                     	;# 
  1116  0847                     	;# 
  1117  0847                     	;# 
  1118  0848                     	;# 
  1119  0849                     	;# 
  1120  084A                     	;# 
  1121  084B                     	;# 
  1122  084C                     	;# 
  1123  084D                     	;# 
  1124  084E                     	;# 
  1125  084F                     	;# 
  1126  0851                     	;# 
  1127  0852                     	;# 
  1128  0853                     	;# 
  1129  0854                     	;# 
  1130  0855                     	;# 
  1131  0856                     	;# 
  1132  0857                     	;# 
  1133  0858                     	;# 
  1134  0859                     	;# 
  1135  085A                     	;# 
  1136  085B                     	;# 
  1137  085C                     	;# 
  1138  085D                     	;# 
  1139  085E                     	;# 
  1140  085F                     	;# 
  1141  0860                     	;# 
  1142  0861                     	;# 
  1143  0861                     	;# 
  1144  0862                     	;# 
  1145  0863                     	;# 
  1146  0863                     	;# 
  1147  0864                     	;# 
  1148  0865                     	;# 
  1149  0865                     	;# 
  1150  0866                     	;# 
  1151  0867                     	;# 
  1152  0867                     	;# 
  1153  0868                     	;# 
  1154  0869                     	;# 
  1155  086A                     	;# 
  1156  086B                     	;# 
  1157  086C                     	;# 
  1158  086D                     	;# 
  1159  086E                     	;# 
  1160  086F                     	;# 
  1161  0FE4                     	;# 
  1162  0FE5                     	;# 
  1163  0FE6                     	;# 
  1164  0FE7                     	;# 
  1165  0FE8                     	;# 
  1166  0FE9                     	;# 
  1167  0FEA                     	;# 
  1168  0FEB                     	;# 
  1169  0FED                     	;# 
  1170  0FEE                     	;# 
  1171  0FEF                     	;# 
  1172                           
  1173                           	psect	idataCOMMON
  1174  0133                     __pidataCOMMON:	
  1175                           
  1176                           ;initializer for _count
  1177  0133  343C               	retlw	60
  1178                           
  1179                           	psect	idataBANK0
  1180  009A                     __pidataBANK0:	
  1181                           
  1182                           ;initializer for _book
  1183  009A  3400               	retlw	0
  1184  009B  3400               	retlw	0
  1185  009C  3401               	retlw	1
  1186  009D  3400               	retlw	0
  1187  009E  3402               	retlw	2
  1188  009F  3400               	retlw	0
  1189  00A0  3403               	retlw	3
  1190  00A1  3400               	retlw	0
  1191  00A2  3404               	retlw	4
  1192  00A3  3400               	retlw	0
  1193  00A4  3405               	retlw	5
  1194  00A5  3400               	retlw	0
  1195  00A6  3406               	retlw	6
  1196  00A7  3400               	retlw	0
  1197  00A8  3407               	retlw	7
  1198  00A9  3400               	retlw	0
  1199  00AA  3408               	retlw	8
  1200  00AB  3400               	retlw	0
  1201  00AC  3409               	retlw	9
  1202  00AD  3400               	retlw	0
  1203  00AE  340A               	retlw	10
  1204  00AF  3400               	retlw	0
  1205  00B0  340B               	retlw	11
  1206  00B1  3400               	retlw	0
  1207  00B2  340C               	retlw	12
  1208  00B3  3400               	retlw	0
  1209  00B4  340D               	retlw	13
  1210  00B5  3400               	retlw	0
  1211  00B6  340E               	retlw	14
  1212  00B7  3400               	retlw	0
  1213  00B8  340F               	retlw	15
  1214  00B9  3400               	retlw	0
  1215  00BA  3410               	retlw	16
  1216  00BB  3400               	retlw	0
  1217                           
  1218                           ;initializer for _voice
  1219  00BC  3440               	retlw	64
  1220  00BD  3400               	retlw	0
  1221  00BE  343D               	retlw	61
  1222  00BF  3400               	retlw	0
  1223  00C0  3439               	retlw	57
  1224  00C1  3400               	retlw	0
  1225  00C2  3436               	retlw	54
  1226  00C3  3400               	retlw	0
  1227  00C4  3433               	retlw	51
  1228  00C5  3400               	retlw	0
  1229  00C6  3430               	retlw	48
  1230  00C7  3400               	retlw	0
  1231  00C8  342E               	retlw	46
  1232  00C9  3400               	retlw	0
  1233  00CA  342B               	retlw	43
  1234  00CB  3400               	retlw	0
  1235  00CC  3428               	retlw	40
  1236  00CD  3400               	retlw	0
  1237  00CE  3426               	retlw	38
  1238  00CF  3400               	retlw	0
  1239  00D0  3424               	retlw	36
  1240  00D1  3400               	retlw	0
  1241  00D2  3422               	retlw	34
  1242  00D3  3400               	retlw	0
  1243  00D4  3420               	retlw	32
  1244  00D5  3400               	retlw	0
  1245  00D6  341E               	retlw	30
  1246  00D7  3400               	retlw	0
  1247  00D8  341D               	retlw	29
  1248  00D9  3400               	retlw	0
  1249  00DA  341B               	retlw	27
  1250  00DB  3400               	retlw	0
  1251  00DC  3419               	retlw	25
  1252  00DD  3400               	retlw	0
  1253                           
  1254                           	psect	idataBANK1
  1255  00DE                     __pidataBANK1:	
  1256                           
  1257                           ;initializer for _time
  1258  00DE  3402               	retlw	2
  1259  00DF  3400               	retlw	0
  1260  00E0  3402               	retlw	2
  1261  00E1  3400               	retlw	0
  1262  00E2  3402               	retlw	2
  1263  00E3  3400               	retlw	0
  1264  00E4  3402               	retlw	2
  1265  00E5  3400               	retlw	0
  1266  00E6  3404               	retlw	4
  1267  00E7  3400               	retlw	0
  1268  00E8  3404               	retlw	4
  1269  00E9  3400               	retlw	0
  1270  00EA  3402               	retlw	2
  1271  00EB  3400               	retlw	0
  1272  00EC  3402               	retlw	2
  1273  00ED  3400               	retlw	0
  1274  00EE  3404               	retlw	4
  1275  00EF  3400               	retlw	0
  1276  00F0  3404               	retlw	4
  1277  00F1  3400               	retlw	0
  1278  00F2  3404               	retlw	4
  1279  00F3  3400               	retlw	0
  1280  00F4  3402               	retlw	2
  1281  00F5  3400               	retlw	0
  1282  00F6  3402               	retlw	2
  1283  00F7  3400               	retlw	0
  1284  00F8  3402               	retlw	2
  1285  00F9  3400               	retlw	0
  1286  00FA  3402               	retlw	2
  1287  00FB  3400               	retlw	0
  1288  00FC  3404               	retlw	4
  1289  00FD  3400               	retlw	0
  1290  00FE  3402               	retlw	2
  1291  00FF  3400               	retlw	0
  1292  000B                     _INTCONbits	set	11
  1293  000E                     _PORTC	set	14
  1294  000D                     _PORTB	set	13
  1295  000C                     _PORTA	set	12
  1296  0011                     _PIR1	set	17
  1297  0018                     _T1CON	set	24
  1298  0018                     _T1CONbits	set	24
  1299  0016                     _TMR1L	set	22
  1300  0017                     _TMR1H	set	23
  1301  0011                     _PIR1bits	set	17
  1302  005E                     _PEIE	set	94
  1303  005F                     _GIE	set	95
  1304  0099                     _OSCCONbits	set	153
  1305  008E                     _TRISC	set	142
  1306  0095                     _OPTION_REGbits	set	149
  1307  0091                     _PIE1bits	set	145
  1308  0091                     _PIE1	set	145
  1309  008E                     _TRISCbits	set	142
  1310  008C                     _TRISA	set	140
  1311  008D                     _TRISB	set	141
  1312  0099                     _OSCCON	set	153
  1313  010E                     _LATC	set	270
  1314  010D                     _LATB	set	269
  1315  010C                     _LATA	set	268
  1316  010D                     _LATBbits	set	269
  1317  018D                     _ANSELB	set	397
  1318  018C                     _ANSELA	set	396
  1319  0215                     _SSPCON1bits	set	533
  1320  0215                     _SSPCON1	set	533
  1321  0212                     _SSPADD	set	530
  1322  0214                     _SSPSTAT	set	532
  1323  0216                     _SSPCON2bits	set	534
  1324  0211                     _SSP1BUF	set	529
  1325  0215                     _SSPCONbits	set	533
  1326  0214                     _SSPSTATbits	set	532
  1327                           
  1328                           ; #config settings
  1329  0000                     
  1330                           	psect	cinit
  1331  0024                     start_initialization:	
  1332  0024                     __initialization:	
  1333                           
  1334                           ; Initialize objects allocated to COMMON
  1335  0024  3181  2133  3180   	fcall	__pidataCOMMON	;fetch initializer
  1336  0027  00FC               	movwf	__pdataCOMMON& (0+127)
  1337                           
  1338                           ; Initialize objects allocated to BANK0
  1339  0028  309A               	movlw	low __pidataBANK0
  1340  0029  0084               	movwf	4
  1341  002A  3080               	movlw	(high __pidataBANK0)| (0+128)
  1342  002B  0085               	movwf	5
  1343  002C  3020               	movlw	low __pdataBANK0
  1344  002D  0086               	movwf	6
  1345  002E  3000               	movlw	high __pdataBANK0
  1346  002F  0087               	movwf	7
  1347  0030  3044               	movlw	68
  1348  0031  3181  212D  3180   	fcall	init_ram
  1349                           
  1350                           ; Initialize objects allocated to BANK1
  1351  0034  30DE               	movlw	low __pidataBANK1
  1352  0035  0084               	movwf	4
  1353  0036  3080               	movlw	(high __pidataBANK1)| (0+128)
  1354  0037  0085               	movwf	5
  1355  0038  30A0               	movlw	low __pdataBANK1
  1356  0039  0086               	movwf	6
  1357  003A  3000               	movlw	high __pdataBANK1
  1358  003B  0087               	movwf	7
  1359  003C  3022               	movlw	34
  1360  003D  3181  212D  3180   	fcall	init_ram
  1361                           
  1362                           ; Clear objects allocated to COMMON
  1363  0040  01F0               	clrf	__pbssCOMMON& (0+127)
  1364  0041  01F1               	clrf	(__pbssCOMMON+1)& (0+127)
  1365  0042  01F2               	clrf	(__pbssCOMMON+2)& (0+127)
  1366  0043  01F3               	clrf	(__pbssCOMMON+3)& (0+127)
  1367  0044  01F4               	clrf	(__pbssCOMMON+4)& (0+127)
  1368  0045  01F5               	clrf	(__pbssCOMMON+5)& (0+127)
  1369  0046  01F6               	clrf	(__pbssCOMMON+6)& (0+127)
  1370  0047  01F7               	clrf	(__pbssCOMMON+7)& (0+127)
  1371  0048  01F8               	clrf	(__pbssCOMMON+8)& (0+127)
  1372  0049  01F9               	clrf	(__pbssCOMMON+9)& (0+127)
  1373  004A                     end_of_initialization:	
  1374                           ;End of C runtime variable initialization code
  1375                           
  1376  004A                     __end_of__initialization:	
  1377  004A  107E               	bcf	int$flags,0	;clear compiler interrupt flag (level 1)
  1378  004B  0020               	movlb	0
  1379  004C  3181  2900         	ljmp	_main	;jump to C main() function
  1380                           
  1381                           	psect	bssCOMMON
  1382  0070                     __pbssCOMMON:	
  1383  0070                     _i:	
  1384  0070                     	ds	2
  1385  0072                     _cnt_3:	
  1386  0072                     	ds	2
  1387  0074                     _cnt_2:	
  1388  0074                     	ds	2
  1389  0076                     _cnt_1:	
  1390  0076                     	ds	2
  1391  0078                     _IICAddr:	
  1392  0078                     	ds	1
  1393  0079                     _recvData:	
  1394  0079                     	ds	1
  1395                           
  1396                           	psect	dataCOMMON
  1397  007C                     __pdataCOMMON:	
  1398  007C                     _count:	
  1399  007C                     	ds	1
  1400                           
  1401                           	psect	dataBANK0
  1402  0020                     __pdataBANK0:	
  1403  0020                     _book:	
  1404  0020                     	ds	34
  1405  0042                     _voice:	
  1406  0042                     	ds	34
  1407                           
  1408                           	psect	dataBANK1
  1409  00A0                     __pdataBANK1:	
  1410  00A0                     _time:	
  1411  00A0                     	ds	34
  1412                           
  1413                           	psect	inittext
  1414  012D                     init_ram:	
  1415  012D  00FE               	movwf	btemp
  1416  012E                     initloop:	
  1417  012E  0012               	moviw fsr0++
  1418  012F  001E               	movwi fsr1++
  1419  0130  0BFE               	decfsz	btemp,f
  1420  0131  292E               	goto	initloop
  1421  0132  3400               	retlw	0
  1422                           
  1423                           	psect	cstackCOMMON
  1424  007A                     __pcstackCOMMON:	
  1425  007A                     ?_sound:	
  1426  007A                     ?_Init:	
  1427                           ; 1 bytes @ 0x0
  1428                           
  1429  007A                     ?_Enable_INT:	
  1430                           ; 1 bytes @ 0x0
  1431                           
  1432  007A                     ?_irs_routine:	
  1433                           ; 1 bytes @ 0x0
  1434                           
  1435  007A                     ?_main:	
  1436                           ; 1 bytes @ 0x0
  1437                           
  1438  007A                     sound@gate1:	
  1439                           ; 1 bytes @ 0x0
  1440                           
  1441                           
  1442                           ; 2 bytes @ 0x0
  1443  007A                     	ds	2
  1444  007C                     ??_sound:	
  1445  007C                     ??_irs_routine:	
  1446                           ; 1 bytes @ 0x2
  1447                           
  1448                           
  1449                           	psect	cstackBANK0
  1450  0000                     __pcstackBANK0:	
  1451                           ; 1 bytes @ 0x2
  1452                           
  1453  0000                     ??_Init:	
  1454  0000                     ??_Enable_INT:	
  1455                           ; 1 bytes @ 0x0
  1456                           
  1457  0000                     ??_main:	
  1458                           ; 1 bytes @ 0x0
  1459                           
  1460                           
  1461                           	psect	maintext
  1462  0100                     __pmaintext:	
  1463                           ; 1 bytes @ 0x0
  1464 ;;
  1465 ;;Main: autosize = 0, tempsize = 0, incstack = 0, save=0
  1466 ;;
  1467 ;; *************** function _main *****************
  1468 ;; Defined at:
  1469 ;;		line 114 in file "main.c"
  1470 ;; Parameters:    Size  Location     Type
  1471 ;;		None
  1472 ;; Auto vars:     Size  Location     Type
  1473 ;;		None
  1474 ;; Return value:  Size  Location     Type
  1475 ;;                  1    wreg      void 
  1476 ;; Registers used:
  1477 ;;		wreg, status,2, status,0, pclath, cstack
  1478 ;; Tracked objects:
  1479 ;;		On entry : B1F/0
  1480 ;;		On exit  : 0/0
  1481 ;;		Unchanged: 0/0
  1482 ;; Data sizes:     COMMON   BANK0   BANK1   BANK2   BANK3   BANK4   BANK5   BANK6   BANK7   BANK8   BANK9  BANK10  BANK1
      +1  BANK12
  1483 ;;      Params:         0       0       0       0       0       0       0       0       0       0       0       0       
      +0       0
  1484 ;;      Locals:         0       0       0       0       0       0       0       0       0       0       0       0       
      +0       0
  1485 ;;      Temps:          0       0       0       0       0       0       0       0       0       0       0       0       
      +0       0
  1486 ;;      Totals:         0       0       0       0       0       0       0       0       0       0       0       0       
      +0       0
  1487 ;;Total ram usage:        0 bytes
  1488 ;; Hardware stack levels required when called:    3
  1489 ;; This function calls:
  1490 ;;		_Enable_INT
  1491 ;;		_Init
  1492 ;; This function is called by:
  1493 ;;		Startup code after reset
  1494 ;; This function uses a non-reentrant model
  1495 ;;
  1496                           
  1497                           
  1498                           ;psect for function _main
  1499  0100                     _main:	
  1500  0100                     l1079:	
  1501                           ;incstack = 0
  1502                           ; Regs used in _main: [wreg+status,2+status,0+pclath+cstack]
  1503                           
  1504                           
  1505                           ;main.c: 115: OSCCON = 0b01111011;
  1506  0100  307B               	movlw	123
  1507  0101  0021               	movlb	1	; select bank1
  1508  0102  0099               	movwf	25	;volatile
  1509  0103                     l1081:	
  1510                           
  1511                           ;main.c: 116: Init();
  1512  0103  3181  2116  3181   	fcall	_Init
  1513                           
  1514                           ;main.c: 117: Enable_INT();
  1515  0106  3181  2125  3181   	fcall	_Enable_INT
  1516  0109                     l1083:	
  1517                           
  1518                           ;main.c: 124: TRISB = 0b11111100;
  1519  0109  30FC               	movlw	252
  1520  010A  0021               	movlb	1	; select bank1
  1521  010B  008D               	movwf	13	;volatile
  1522  010C                     l1085:	
  1523                           
  1524                           ;main.c: 125: LATBbits.LATB0 = 0;
  1525  010C  0022               	movlb	2	; select bank2
  1526  010D  100D               	bcf	13,0	;volatile
  1527  010E                     l1087:	
  1528                           
  1529                           ;main.c: 128: TMR1H = 0xff;
  1530  010E  30FF               	movlw	255
  1531  010F  0020               	movlb	0	; select bank0
  1532  0110  0097               	movwf	23	;volatile
  1533  0111                     l1089:	
  1534                           
  1535                           ;main.c: 129: TMR1L = 0xfe;
  1536  0111  30FE               	movlw	254
  1537  0112  0096               	movwf	22	;volatile
  1538  0113                     l1091:	
  1539                           
  1540                           ;main.c: 130: T1CONbits.TMR1ON = 1;
  1541  0113  1418               	bsf	24,0	;volatile
  1542  0114                     l90:	
  1543  0114  3180  2822         	ljmp	start
  1544  0116                     __end_of_main:	
  1545                           
  1546                           	psect	text1
  1547  0116                     __ptext1:	
  1548 ;; *************** function _Init *****************
  1549 ;; Defined at:
  1550 ;;		line 150 in file "main.c"
  1551 ;; Parameters:    Size  Location     Type
  1552 ;;		None
  1553 ;; Auto vars:     Size  Location     Type
  1554 ;;		None
  1555 ;; Return value:  Size  Location     Type
  1556 ;;                  1    wreg      void 
  1557 ;; Registers used:
  1558 ;;		wreg, status,2
  1559 ;; Tracked objects:
  1560 ;;		On entry : 0/0
  1561 ;;		On exit  : 0/0
  1562 ;;		Unchanged: 0/0
  1563 ;; Data sizes:     COMMON   BANK0   BANK1   BANK2   BANK3   BANK4   BANK5   BANK6   BANK7   BANK8   BANK9  BANK10  BANK1
      +1  BANK12
  1564 ;;      Params:         0       0       0       0       0       0       0       0       0       0       0       0       
      +0       0
  1565 ;;      Locals:         0       0       0       0       0       0       0       0       0       0       0       0       
      +0       0
  1566 ;;      Temps:          0       0       0       0       0       0       0       0       0       0       0       0       
      +0       0
  1567 ;;      Totals:         0       0       0       0       0       0       0       0       0       0       0       0       
      +0       0
  1568 ;;Total ram usage:        0 bytes
  1569 ;; Hardware stack levels used:    1
  1570 ;; Hardware stack levels required when called:    2
  1571 ;; This function calls:
  1572 ;;		Nothing
  1573 ;; This function is called by:
  1574 ;;		_main
  1575 ;; This function uses a non-reentrant model
  1576 ;;
  1577                           
  1578                           
  1579                           ;psect for function _Init
  1580  0116                     _Init:	
  1581  0116                     l1061:	
  1582                           ;incstack = 0
  1583                           ; Regs used in _Init: [wreg+status,2]
  1584                           
  1585                           
  1586                           ;main.c: 153: TRISA = 0;
  1587  0116  0021               	movlb	1	; select bank1
  1588  0117  018C               	clrf	12	;volatile
  1589                           
  1590                           ;main.c: 154: ANSELA = 0;
  1591  0118  0023               	movlb	3	; select bank3
  1592  0119  018C               	clrf	12	;volatile
  1593                           
  1594                           ;main.c: 156: TRISB = 0;
  1595  011A  0021               	movlb	1	; select bank1
  1596  011B  018D               	clrf	13	;volatile
  1597                           
  1598                           ;main.c: 157: ANSELB = 0;
  1599  011C  0023               	movlb	3	; select bank3
  1600  011D  018D               	clrf	13	;volatile
  1601  011E                     l1063:	
  1602                           
  1603                           ;main.c: 159: TRISCbits.TRISC3 = 0;
  1604  011E  0021               	movlb	1	; select bank1
  1605  011F  118E               	bcf	14,3	;volatile
  1606  0120                     l1065:	
  1607                           
  1608                           ;main.c: 160: TRISCbits.TRISC4 = 0;
  1609  0120  120E               	bcf	14,4	;volatile
  1610  0121                     l1067:	
  1611                           
  1612                           ;main.c: 162: T1CON = 0b01000000;
  1613  0121  3040               	movlw	64
  1614  0122  0020               	movlb	0	; select bank0
  1615  0123  0098               	movwf	24	;volatile
  1616  0124                     l99:	
  1617  0124  0008               	return
  1618  0125                     __end_of_Init:	
  1619                           
  1620                           	psect	text2
  1621  0125                     __ptext2:	
  1622 ;; *************** function _Enable_INT *****************
  1623 ;; Defined at:
  1624 ;;		line 168 in file "main.c"
  1625 ;; Parameters:    Size  Location     Type
  1626 ;;		None
  1627 ;; Auto vars:     Size  Location     Type
  1628 ;;		None
  1629 ;; Return value:  Size  Location     Type
  1630 ;;                  1    wreg      void 
  1631 ;; Registers used:
  1632 ;;		status,2
  1633 ;; Tracked objects:
  1634 ;;		On entry : 0/0
  1635 ;;		On exit  : 0/0
  1636 ;;		Unchanged: 0/0
  1637 ;; Data sizes:     COMMON   BANK0   BANK1   BANK2   BANK3   BANK4   BANK5   BANK6   BANK7   BANK8   BANK9  BANK10  BANK1
      +1  BANK12
  1638 ;;      Params:         0       0       0       0       0       0       0       0       0       0       0       0       
      +0       0
  1639 ;;      Locals:         0       0       0       0       0       0       0       0       0       0       0       0       
      +0       0
  1640 ;;      Temps:          0       0       0       0       0       0       0       0       0       0       0       0       
      +0       0
  1641 ;;      Totals:         0       0       0       0       0       0       0       0       0       0       0       0       
      +0       0
  1642 ;;Total ram usage:        0 bytes
  1643 ;; Hardware stack levels used:    1
  1644 ;; Hardware stack levels required when called:    2
  1645 ;; This function calls:
  1646 ;;		Nothing
  1647 ;; This function is called by:
  1648 ;;		_main
  1649 ;; This function uses a non-reentrant model
  1650 ;;
  1651                           
  1652                           
  1653                           ;psect for function _Enable_INT
  1654  0125                     _Enable_INT:	
  1655  0125                     l1071:	
  1656                           ;incstack = 0
  1657                           ; Regs used in _Enable_INT: [status,2]
  1658                           
  1659                           
  1660                           ;main.c: 170: GIE = 1;
  1661  0125  178B               	bsf	11,7	;volatile
  1662                           
  1663                           ;main.c: 171: PEIE = 1;
  1664  0126  170B               	bsf	11,6	;volatile
  1665  0127                     l1073:	
  1666                           
  1667                           ;main.c: 173: PIR1 = 0;
  1668  0127  0020               	movlb	0	; select bank0
  1669  0128  0191               	clrf	17	;volatile
  1670                           
  1671                           ;main.c: 174: PIE1 = 0;
  1672  0129  0021               	movlb	1	; select bank1
  1673  012A  0191               	clrf	17	;volatile
  1674  012B                     l1075:	
  1675                           
  1676                           ;main.c: 175: PIE1bits.TMR1IE = 1;
  1677  012B  1411               	bsf	17,0	;volatile
  1678  012C                     l102:	
  1679  012C  0008               	return
  1680  012D                     __end_of_Enable_INT:	
  1681                           
  1682                           	psect	intentry
  1683  0004                     __pintentry:	
  1684 ;; *************** function _irs_routine *****************
  1685 ;; Defined at:
  1686 ;;		line 57 in file "main.c"
  1687 ;; Parameters:    Size  Location     Type
  1688 ;;		None
  1689 ;; Auto vars:     Size  Location     Type
  1690 ;;		None
  1691 ;; Return value:  Size  Location     Type
  1692 ;;                  1    wreg      void 
  1693 ;; Registers used:
  1694 ;;		wreg, fsr1l, fsr1h, status,2, status,0, pclath, cstack
  1695 ;; Tracked objects:
  1696 ;;		On entry : 0/0
  1697 ;;		On exit  : 0/0
  1698 ;;		Unchanged: 0/0
  1699 ;; Data sizes:     COMMON   BANK0   BANK1   BANK2   BANK3   BANK4   BANK5   BANK6   BANK7   BANK8   BANK9  BANK10  BANK1
      +1  BANK12
  1700 ;;      Params:         0       0       0       0       0       0       0       0       0       0       0       0       
      +0       0
  1701 ;;      Locals:         0       0       0       0       0       0       0       0       0       0       0       0       
      +0       0
  1702 ;;      Temps:          0       0       0       0       0       0       0       0       0       0       0       0       
      +0       0
  1703 ;;      Totals:         0       0       0       0       0       0       0       0       0       0       0       0       
      +0       0
  1704 ;;Total ram usage:        0 bytes
  1705 ;; Hardware stack levels used:    1
  1706 ;; Hardware stack levels required when called:    1
  1707 ;; This function calls:
  1708 ;;		_sound
  1709 ;; This function is called by:
  1710 ;;		Interrupt level 1
  1711 ;; This function uses a non-reentrant model
  1712 ;;
  1713                           
  1714  0004                     _irs_routine:	
  1715                           
  1716                           ;incstack = 0
  1717  0004  147E               	bsf	int$flags,0	;set compiler interrupt flag (level 1)
  1718                           
  1719                           ; Regs used in _irs_routine: [wreg+fsr1l+fsr1h+status,2+status,0+pclath+cstack]
  1720  0005  3180               	pagesel	$
  1721  0006                     i1l1049:	
  1722                           
  1723                           ;main.c: 59: if(PIR1bits.TMR1IF == 1) {
  1724  0006  0020               	movlb	0	; select bank0
  1725  0007  1C11               	btfss	17,0	;volatile
  1726  0008  280A               	goto	u27_21
  1727  0009  280B               	goto	u27_20
  1728  000A                     u27_21:	
  1729  000A  2820               	goto	i1l72
  1730  000B                     u27_20:	
  1731  000B                     i1l1051:	
  1732                           
  1733                           ;main.c: 60: sound(voice[book[i]]);
  1734  000B  3570               	lslf	_i,w
  1735  000C  3E20               	addlw	(low (_book| 0))& (0+255)
  1736  000D  0086               	movwf	6
  1737  000E  0187               	clrf	7
  1738  000F  3501               	lslf	1,w
  1739  0010  3E42               	addlw	(low (_voice| 0))& (0+255)
  1740  0011  0086               	movwf	6
  1741  0012  0187               	clrf	7
  1742  0013  3F40               	moviw [0]fsr1
  1743  0014  00FA               	movwf	sound@gate1
  1744  0015  3F41               	moviw [1]fsr1
  1745  0016  00FB               	movwf	sound@gate1+1
  1746  0017  3180  204E  3180   	fcall	_sound
  1747  001A                     i1l1053:	
  1748                           
  1749                           ;main.c: 63: PIR1bits.TMR1IF = 0;
  1750  001A  0020               	movlb	0	; select bank0
  1751  001B  1011               	bcf	17,0	;volatile
  1752  001C                     i1l1055:	
  1753                           
  1754                           ;main.c: 64: TMR1H = 0xff;
  1755  001C  30FF               	movlw	255
  1756  001D  0097               	movwf	23	;volatile
  1757  001E                     i1l1057:	
  1758                           
  1759                           ;main.c: 65: TMR1L = 0xfe;
  1760  001E  30FE               	movlw	254
  1761  001F  0096               	movwf	22	;volatile
  1762  0020                     i1l72:	
  1763  0020  107E               	bcf	int$flags,0	;clear compiler interrupt flag (level 1)
  1764  0021  0009               	retfie
  1765  0022                     __end_of_irs_routine:	
  1766                           
  1767                           	psect	text4
  1768  004E                     __ptext4:	
  1769 ;; *************** function _sound *****************
  1770 ;; Defined at:
  1771 ;;		line 79 in file "main.c"
  1772 ;; Parameters:    Size  Location     Type
  1773 ;;  gate1           2    0[COMMON] int 
  1774 ;; Auto vars:     Size  Location     Type
  1775 ;;		None
  1776 ;; Return value:  Size  Location     Type
  1777 ;;                  1    wreg      void 
  1778 ;; Registers used:
  1779 ;;		wreg, status,2, status,0
  1780 ;; Tracked objects:
  1781 ;;		On entry : 0/0
  1782 ;;		On exit  : 0/0
  1783 ;;		Unchanged: 0/0
  1784 ;; Data sizes:     COMMON   BANK0   BANK1   BANK2   BANK3   BANK4   BANK5   BANK6   BANK7   BANK8   BANK9  BANK10  BANK1
      +1  BANK12
  1785 ;;      Params:         2       0       0       0       0       0       0       0       0       0       0       0       
      +0       0
  1786 ;;      Locals:         0       0       0       0       0       0       0       0       0       0       0       0       
      +0       0
  1787 ;;      Temps:          0       0       0       0       0       0       0       0       0       0       0       0       
      +0       0
  1788 ;;      Totals:         2       0       0       0       0       0       0       0       0       0       0       0       
      +0       0
  1789 ;;Total ram usage:        2 bytes
  1790 ;; Hardware stack levels used:    1
  1791 ;; This function calls:
  1792 ;;		Nothing
  1793 ;; This function is called by:
  1794 ;;		_irs_routine
  1795 ;; This function uses a non-reentrant model
  1796 ;;
  1797                           
  1798                           
  1799                           ;psect for function _sound
  1800  004E                     _sound:	
  1801  004E                     i1l1029:	
  1802                           ;incstack = 0
  1803                           ; Regs used in _sound: [wreg+status,2+status,0]
  1804                           
  1805                           
  1806                           ;main.c: 81: if(++cnt_2 >= 200) {
  1807  004E  3001               	movlw	1
  1808  004F  07F4               	addwf	_cnt_2,f
  1809  0050  3000               	movlw	0
  1810  0051  3DF5               	addwfc	_cnt_2+1,f
  1811  0052  3000               	movlw	0
  1812  0053  0275               	subwf	_cnt_2+1,w
  1813  0054  30C8               	movlw	200
  1814  0055  1903               	skipnz
  1815  0056  0274               	subwf	_cnt_2,w
  1816  0057  1C03               	skipc
  1817  0058  285A               	goto	u21_21
  1818  0059  285B               	goto	u21_20
  1819  005A                     u21_21:	
  1820  005A  287D               	goto	i1l1043
  1821  005B                     u21_20:	
  1822  005B                     i1l1031:	
  1823                           
  1824                           ;main.c: 82: cnt_2 = 0;
  1825  005B  01F4               	clrf	_cnt_2
  1826  005C  01F5               	clrf	_cnt_2+1
  1827  005D                     i1l1033:	
  1828                           
  1829                           ;main.c: 83: if(++cnt_3 >= 100) {
  1830  005D  3001               	movlw	1
  1831  005E  07F2               	addwf	_cnt_3,f
  1832  005F  3000               	movlw	0
  1833  0060  3DF3               	addwfc	_cnt_3+1,f
  1834  0061  3000               	movlw	0
  1835  0062  0273               	subwf	_cnt_3+1,w
  1836  0063  3064               	movlw	100
  1837  0064  1903               	skipnz
  1838  0065  0272               	subwf	_cnt_3,w
  1839  0066  1C03               	skipc
  1840  0067  2869               	goto	u22_21
  1841  0068  286A               	goto	u22_20
  1842  0069                     u22_21:	
  1843  0069  287D               	goto	i1l1043
  1844  006A                     u22_20:	
  1845  006A                     i1l1035:	
  1846                           
  1847                           ;main.c: 84: cnt_3 = 0;
  1848  006A  01F2               	clrf	_cnt_3
  1849  006B  01F3               	clrf	_cnt_3+1
  1850  006C                     i1l1037:	
  1851                           
  1852                           ;main.c: 85: i = i + 1;
  1853  006C  0870               	movf	_i,w
  1854  006D  3E01               	addlw	1
  1855  006E  00F0               	movwf	_i
  1856  006F  3000               	movlw	0
  1857  0070  3D71               	addwfc	_i+1,w
  1858  0071  00F1               	movwf	_i+1
  1859  0072                     i1l1039:	
  1860                           
  1861                           ;main.c: 86: if(i >= 17) i = 0;
  1862  0072  3000               	movlw	0
  1863  0073  0271               	subwf	_i+1,w
  1864  0074  3011               	movlw	17
  1865  0075  1903               	skipnz
  1866  0076  0270               	subwf	_i,w
  1867  0077  1C03               	skipc
  1868  0078  287A               	goto	u23_21
  1869  0079  287B               	goto	u23_20
  1870  007A                     u23_21:	
  1871  007A  287D               	goto	i1l1043
  1872  007B                     u23_20:	
  1873  007B                     i1l1041:	
  1874  007B  01F0               	clrf	_i
  1875  007C  01F1               	clrf	_i+1
  1876  007D                     i1l1043:	
  1877                           
  1878                           ;main.c: 87: };main.c: 88: };main.c: 90: if(++cnt_1 == gate1) {
  1879  007D  3001               	movlw	1
  1880  007E  07F6               	addwf	_cnt_1,f
  1881  007F  3000               	movlw	0
  1882  0080  3DF7               	addwfc	_cnt_1+1,f
  1883  0081  087B               	movf	sound@gate1+1,w
  1884  0082  0677               	xorwf	_cnt_1+1,w
  1885  0083  1D03               	skipz
  1886  0084  2887               	goto	u24_25
  1887  0085  087A               	movf	sound@gate1,w
  1888  0086  0676               	xorwf	_cnt_1,w
  1889  0087                     u24_25:	
  1890  0087  1D03               	skipz
  1891  0088  288A               	goto	u24_21
  1892  0089  288B               	goto	u24_20
  1893  008A                     u24_21:	
  1894  008A  2899               	goto	i1l79
  1895  008B                     u24_20:	
  1896  008B                     i1l1045:	
  1897                           
  1898                           ;main.c: 92: LATBbits.LATB0 = !LATBbits.LATB0;
  1899  008B  1003               	clrc
  1900  008C  0022               	movlb	2	; select bank2
  1901  008D  1C0D               	btfss	13,0	;volatile
  1902  008E  1403               	setc
  1903  008F  1803               	btfsc	3,0
  1904  0090  2892               	goto	u25_21
  1905  0091  2895               	goto	u25_20
  1906  0092                     u25_21:	
  1907  0092  0022               	movlb	2	; select bank2
  1908  0093  140D               	bsf	13,0	;volatile
  1909  0094  2897               	goto	u26_24
  1910  0095                     u25_20:	
  1911  0095  0022               	movlb	2	; select bank2
  1912  0096  100D               	bcf	13,0	;volatile
  1913  0097                     u26_24:	
  1914  0097                     i1l1047:	
  1915                           
  1916                           ;main.c: 93: cnt_1 = 0;
  1917  0097  01F6               	clrf	_cnt_1
  1918  0098  01F7               	clrf	_cnt_1+1
  1919  0099                     i1l79:	
  1920  0099  0008               	return
  1921  009A                     __end_of_sound:	
  1922  007E                     btemp	set	126	;btemp
  1923  007E                     int$flags	set	126
  1924  007E                     wtemp0	set	126


Data Sizes:
    Strings     0
    Constant    0
    Data        103
    BSS         10
    Persistent  32
    Stack       0

Auto Spaces:
    Space          Size  Autos    Used
    COMMON           14      2      13
    BANK0            80      0      68
    BANK1            80      0      34
    BANK2            80      0       0
    BANK3            80      0       0
    BANK4            80      0       0
    BANK5            80      0       0
    BANK6            80      0       0
    BANK7            80      0       0
    BANK8            80      0       0
    BANK9            80      0       0
    BANK10           80      0       0
    BANK11           80      0       0
    BANK12           48      0       0

Pointer List with Targets:

    None.

Critical Paths under _main in COMMON

    None.

Critical Paths under _irs_routine in COMMON

    _irs_routine->_sound

Critical Paths under _main in BANK0

    None.

Critical Paths under _irs_routine in BANK0

    None.

Critical Paths under _main in BANK1

    None.

Critical Paths under _irs_routine in BANK1

    None.

Critical Paths under _main in BANK2

    None.

Critical Paths under _irs_routine in BANK2

    None.

Critical Paths under _main in BANK3

    None.

Critical Paths under _irs_routine in BANK3

    None.

Critical Paths under _main in BANK4

    None.

Critical Paths under _irs_routine in BANK4

    None.

Critical Paths under _main in BANK5

    None.

Critical Paths under _irs_routine in BANK5

    None.

Critical Paths under _main in BANK6

    None.

Critical Paths under _irs_routine in BANK6

    None.

Critical Paths under _main in BANK7

    None.

Critical Paths under _irs_routine in BANK7

    None.

Critical Paths under _main in BANK8

    None.

Critical Paths under _irs_routine in BANK8

    None.

Critical Paths under _main in BANK9

    None.

Critical Paths under _irs_routine in BANK9

    None.

Critical Paths under _main in BANK10

    None.

Critical Paths under _irs_routine in BANK10

    None.

Critical Paths under _main in BANK11

    None.

Critical Paths under _irs_routine in BANK11

    None.

Critical Paths under _main in BANK12

    None.

Critical Paths under _irs_routine in BANK12

    None.

Call Graph Tables:

 ---------------------------------------------------------------------------------
 (Depth) Function   	        Calls       Base Space   Used Autos Params    Refs
 ---------------------------------------------------------------------------------
 (0) _main                                                 0     0      0       0
                         _Enable_INT
                               _Init
 ---------------------------------------------------------------------------------
 (1) _Init                                                 0     0      0       0
 ---------------------------------------------------------------------------------
 (1) _Enable_INT                                           0     0      0       0
 ---------------------------------------------------------------------------------
 Estimated maximum stack depth 1
 ---------------------------------------------------------------------------------
 (Depth) Function   	        Calls       Base Space   Used Autos Params    Refs
 ---------------------------------------------------------------------------------
 (2) _irs_routine                                          0     0      0      98
                              _sound
 ---------------------------------------------------------------------------------
 (3) _sound                                                2     0      2      98
                                              0 COMMON     2     0      2
 ---------------------------------------------------------------------------------
 Estimated maximum stack depth 3
 ---------------------------------------------------------------------------------

 Call Graph Graphs:

 _main (ROOT)
   _Enable_INT
   _Init

 _irs_routine (ROOT)
   _sound

 Address spaces:
Name               Size   Autos  Total    Cost      Usage
BIGRAM             3F0      0       0       0        0.0%
EEDATA             100      0       0       0        0.0%
NULL                 0      0       0       0        0.0%
CODE                 0      0       0       0        0.0%
BITCOMMON            E      0       0       1        0.0%
BITSFR0              0      0       0       1        0.0%
SFR0                 0      0       0       1        0.0%
COMMON               E      2       D       2       92.9%
BITSFR1              0      0       0       2        0.0%
SFR1                 0      0       0       2        0.0%
BITSFR2              0      0       0       3        0.0%
SFR2                 0      0       0       3        0.0%
STACK                0      0       0       3        0.0%
BITBANK0            50      0       0       4        0.0%
BITSFR3              0      0       0       4        0.0%
SFR3                 0      0       0       4        0.0%
BANK0               50      0      44       5       85.0%
BITSFR4              0      0       0       5        0.0%
SFR4                 0      0       0       5        0.0%
BITBANK1            50      0       0       6        0.0%
BITSFR5              0      0       0       6        0.0%
SFR5                 0      0       0       6        0.0%
BANK1               50      0      22       7       42.5%
BITSFR6              0      0       0       7        0.0%
SFR6                 0      0       0       7        0.0%
BITBANK2            50      0       0       8        0.0%
BITSFR7              0      0       0       8        0.0%
SFR7                 0      0       0       8        0.0%
BANK2               50      0       0       9        0.0%
BITSFR8              0      0       0       9        0.0%
SFR8                 0      0       0       9        0.0%
BITBANK3            50      0       0      10        0.0%
BITSFR9              0      0       0      10        0.0%
SFR9                 0      0       0      10        0.0%
BANK3               50      0       0      11        0.0%
BITSFR10             0      0       0      11        0.0%
SFR10                0      0       0      11        0.0%
BITBANK4            50      0       0      12        0.0%
BITSFR11             0      0       0      12        0.0%
SFR11                0      0       0      12        0.0%
BANK4               50      0       0      13        0.0%
BITSFR12             0      0       0      13        0.0%
SFR12                0      0       0      13        0.0%
BITBANK5            50      0       0      14        0.0%
BITSFR13             0      0       0      14        0.0%
SFR13                0      0       0      14        0.0%
BANK5               50      0       0      15        0.0%
BITSFR14             0      0       0      15        0.0%
SFR14                0      0       0      15        0.0%
BITBANK6            50      0       0      16        0.0%
BITSFR15             0      0       0      16        0.0%
SFR15                0      0       0      16        0.0%
BANK6               50      0       0      17        0.0%
BITSFR16             0      0       0      17        0.0%
SFR16                0      0       0      17        0.0%
BITBANK7            50      0       0      18        0.0%
BITSFR17             0      0       0      18        0.0%
SFR17                0      0       0      18        0.0%
BANK7               50      0       0      19        0.0%
BITSFR18             0      0       0      19        0.0%
SFR18                0      0       0      19        0.0%
BITSFR19             0      0       0      20        0.0%
SFR19                0      0       0      20        0.0%
ABS                  0      0      73      20        0.0%
BITBANK8            50      0       0      21        0.0%
BITSFR20             0      0       0      21        0.0%
SFR20                0      0       0      21        0.0%
BANK8               50      0       0      22        0.0%
BITSFR21             0      0       0      22        0.0%
SFR21                0      0       0      22        0.0%
BITBANK9            50      0       0      23        0.0%
BITSFR22             0      0       0      23        0.0%
SFR22                0      0       0      23        0.0%
BANK9               50      0       0      24        0.0%
BITSFR23             0      0       0      24        0.0%
SFR23                0      0       0      24        0.0%
BITBANK10           50      0       0      25        0.0%
BITSFR24             0      0       0      25        0.0%
SFR24                0      0       0      25        0.0%
BANK10              50      0       0      26        0.0%
BITSFR25             0      0       0      26        0.0%
SFR25                0      0       0      26        0.0%
BITBANK11           50      0       0      27        0.0%
BITSFR26             0      0       0      27        0.0%
SFR26                0      0       0      27        0.0%
BANK11              50      0       0      28        0.0%
BITSFR27             0      0       0      28        0.0%
SFR27                0      0       0      28        0.0%
BITBANK12           30      0       0      29        0.0%
BITSFR28             0      0       0      29        0.0%
SFR28                0      0       0      29        0.0%
BANK12              30      0       0      30        0.0%
BITSFR29             0      0       0      30        0.0%
SFR29                0      0       0      30        0.0%
BITSFR30             0      0       0      31        0.0%
SFR30                0      0       0      31        0.0%
DATA                 0      0      73      31        0.0%
BITSFR31             0      0       0      32        0.0%
SFR31                0      0       0      32        0.0%


Microchip Technology PIC Macro Assembler V2.10 build 88905656 
Symbol Table                                                                                   Wed Sep 09 20:35:07 2020

                      _i 0070              __CFG_CP$OFF 0000              _SSPSTATbits 0214  
                     l90 0114                       l99 0124              __CFG_LVP$ON 0000  
                    l102 012C                      _GIE 005F             __CFG_CPD$OFF 0000  
           __CFG_BORV$LO 0000                     l1061 0116                     l1071 0125  
                   l1063 011E                     l1073 0127                     l1065 0120  
                   l1081 0103                     l1075 012B                     l1067 0121  
                   l1091 0113                     l1083 0109                     l1085 010C  
                   l1087 010E                     l1079 0100                     l1089 0111  
                   _LATA 010C                     _LATB 010D                     _LATC 010E  
                   _PIE1 0091                     _PEIE 005E                     i1l72 0020  
                   _PIR1 0011                     i1l79 0099                     _Init 0116  
           __CFG_WRT$OFF 0000            __CFG_FCMEN$ON 0000                     _book 0020  
                   _main 0100                     _time 00A0                     fsr0h 0005  
                   fsr1h 0007                     fsr0l 0004                     indf1 0001  
                   fsr1l 0006                     btemp 007E                     start 0022  
          __CFG_IESO$OFF 0000            __CFG_FOSC$ECH 0000            __CFG_MCLRE$ON 0000  
             _Enable_INT 0125            __CFG_PLLEN$ON 0000                    ?_Init 007A  
                  ?_main 007A            __CFG_WDTE$OFF 0000                    _T1CON 0018  
                  u21_20 005B                    u21_21 005A                    u22_20 006A  
                  u22_21 0069                    u23_20 007B                    u23_21 007A  
                  u24_20 008B                    u24_21 008A                    u24_25 0087  
                  u25_20 0095                    u25_21 0092                    _TMR1H 0017  
                  _TMR1L 0016                    u26_24 0097                    u27_20 000B  
                  u27_21 000A                    _PORTA 000C                    _PORTB 000D  
                  _PORTC 000E                    _TRISA 008C                    _TRISB 008D  
                  _TRISC 008E                    _cnt_1 0076                    _cnt_2 0074  
                  _cnt_3 0072                    _count 007C                    _voice 0042  
                  _sound 004E           __CFG_BOREN$OFF 0000                    status 0003  
                  wtemp0 007E          __initialization 0024             __end_of_Init 0125  
           __end_of_main 0116           __CFG_LPBOR$OFF 0000                   ??_Init 0000  
           ?_irs_routine 007A                   ??_main 0000                   _ANSELA 018C  
                 _ANSELB 018D                   ?_sound 007A                   i1l1031 005B  
                 i1l1041 007B                   i1l1033 005D                   i1l1035 006A  
                 i1l1043 007D                   i1l1051 000B                   i1l1045 008B  
                 i1l1037 006C                   i1l1029 004E                   i1l1053 001A  
                 i1l1047 0097                   i1l1039 0072                   i1l1055 001C  
                 i1l1057 001E                   i1l1049 0006                   _OSCCON 0099  
                 _SSPADD 0212           __CFG_PWRTE$OFF 0000              ?_Enable_INT 007A  
         __CFG_STVREN$ON 0000             __pdataCOMMON 007C  __end_of__initialization 004A  
         __pcstackCOMMON 007A             __pidataBANK0 009A             __pidataBANK1 00DE  
          __end_of_sound 009A           _OPTION_REGbits 0095                  ??_sound 007C  
    __size_of_Enable_INT 0008          __CFG_VCAPEN$OFF 0000               __pmaintext 0100  
             __pintentry 0004                  _IICAddr 0078     __size_of_irs_routine 001E  
                _SSP1BUF 0211                  _SSPCON1 0215                  _SSPSTAT 0214  
                __ptext1 0116                  __ptext2 0125                  __ptext4 004E  
              _T1CONbits 0018     end_of_initialization 004A                  init_ram 012D  
                initloop 012E             ??_Enable_INT 0000                _TRISCbits 008E  
     __end_of_Enable_INT 012D            __pidataCOMMON 0133      start_initialization 0024  
            __pdataBANK0 0020              __pdataBANK1 00A0              __pbssCOMMON 0070  
              ___latbits 0002            __pcstackBANK0 0000            ??_irs_routine 007C  
         __size_of_sound 004C                 _LATBbits 010D                 _PIE1bits 0091  
               _PIR1bits 0011      __end_of_irs_routine 0022               sound@gate1 007A  
          __size_of_Init 000F            __size_of_main 0016                 _recvData 0079  
               int$flags 007E              _irs_routine 0004               _INTCONbits 000B  
               intlevel1 0000        __CFG_CLKOUTEN$OFF 0000               _OSCCONbits 0099  
            _SSPCON1bits 0215              _SSPCON2bits 0216               _SSPCONbits 0215  
